2026-05-30T14:10:48.049547+00:00	allowed=True	rule_id=allow_disclosure	reason=Allowed with SEBI-aligned disclosure requirements	query=Any recent SEBI or exchange updates that can affect Reliance?
2026-05-30T14:10:48.050475+00:00	allowed=True	rule_id=allow_disclosure	reason=Allowed with SEBI-aligned disclosure requirements	query=Calculate return from buy 100 sell 135 for TCS
2026-05-30T14:10:48.051374+00:00	allowed=True	rule_id=allow_disclosure	reason=Allowed with SEBI-aligned disclosure requirements	query=How should I evaluate PE ratio and valuation for TCS?
2026-05-30T14:10:48.052161+00:00	allowed=True	rule_id=allow_disclosure	reason=Allowed with SEBI-aligned disclosure requirements	query=Calculate CAGR for start 120 end 203 over 7 years for LTIMindtree
2026-05-30T14:10:48.052932+00:00	allowed=True	rule_id=allow_disclosure	reason=Allowed with SEBI-aligned disclosure requirements	query=Any recent SEBI or exchange updates that can affect TCS?
2026-05-30T14:10:48.053651+00:00	allowed=True	rule_id=allow_disclosure	reason=Allowed with SEBI-aligned disclosure requirements	query=Any recent SEBI or exchange updates that can affect Infosys?
2026-05-30T14:10:48.054401+00:00	allowed=True	rule_id=allow_disclosure	reason=Allowed with SEBI-aligned disclosure requirements	query=Explain momentum setup and risk factors for Reliance
2026-05-30T14:10:48.055288+00:00	allowed=True	rule_id=allow_disclosure	reason=Allowed with SEBI-aligned disclosure requirements	query=Provide technical analysis for NSE listed ICICI Bank shares
2026-05-30T14:10:48.056174+00:00	allowed=True	rule_id=allow_disclosure	reason=Allowed with SEBI-aligned disclosure requirements	query=Calculate CAGR for start 120 end 178 over 5 years for ICICI Bank
2026-05-30T14:10:48.056935+00:00	allowed=True	rule_id=allow_disclosure	reason=Allowed with SEBI-aligned disclosure requirements	query=Explain momentum setup and risk factors for TCS
2026-05-30T14:11:02.049931+00:00	allowed=True	rule_id=allow_disclosure	reason=Allowed with SEBI-aligned disclosure requirements	query=Any recent SEBI or exchange updates that can affect Reliance?
2026-05-30T14:11:02.050872+00:00	allowed=True	rule_id=allow_disclosure	reason=Allowed with SEBI-aligned disclosure requirements	query=Calculate return from buy 100 sell 135 for TCS
2026-05-30T14:11:02.051723+00:00	allowed=True	rule_id=allow_disclosure	reason=Allowed with SEBI-aligned disclosure requirements	query=How should I evaluate PE ratio and valuation for TCS?
2026-05-30T14:11:02.052499+00:00	allowed=True	rule_id=allow_disclosure	reason=Allowed with SEBI-aligned disclosure requirements	query=Calculate CAGR for start 120 end 203 over 7 years for LTIMindtree
2026-05-30T14:11:02.053266+00:00	allowed=True	rule_id=allow_disclosure	reason=Allowed with SEBI-aligned disclosure requirements	query=Any recent SEBI or exchange updates that can affect TCS?
2026-05-30T14:11:02.053941+00:00	allowed=True	rule_id=allow_disclosure	reason=Allowed with SEBI-aligned disclosure requirements	query=Any recent SEBI or exchange updates that can affect Infosys?
2026-05-30T14:11:02.054683+00:00	allowed=True	rule_id=allow_disclosure	reason=Allowed with SEBI-aligned disclosure requirements	query=Explain momentum setup and risk factors for Reliance
2026-05-30T14:11:02.055453+00:00	allowed=True	rule_id=allow_disclosure	reason=Allowed with SEBI-aligned disclosure requirements	query=Provide technical analysis for NSE listed ICICI Bank shares
2026-05-30T14:11:02.056252+00:00	allowed=True	rule_id=allow_disclosure	reason=Allowed with SEBI-aligned disclosure requirements	query=Calculate CAGR for start 120 end 178 over 5 years for ICICI Bank
2026-05-30T14:11:02.057034+00:00	allowed=True	rule_id=allow_disclosure	reason=Allowed with SEBI-aligned disclosure requirements	query=Explain momentum setup and risk factors for TCS
